Arguments: 
  C:\Program Files\nodejs\node.exe C:\Users\Sunidhi\AppData\Roaming\npm\node_modules\yarn\bin\yarn.js add babel-preset-react@6.24.1 babel-perset-env@1.5.2

PATH: 
  C:\ProgramData\Oracle\Java\javapath;C:\Program Files (x86)\Intel\iCLS Client\;C:\Program Files\Intel\iCLS Client\;C:\WINDOWS\system32;C:\WINDOWS;C:\WINDOWS\System32\Wbem;C:\WINDOWS\System32\WindowsPowerShell\v1.0\;C:\Program Files (x86)\Intel\Intel(R) Management Engine Components\DAL;C:\Program Files\Intel\Intel(R) Management Engine Components\DAL;C:\Program Files (x86)\Intel\Intel(R) Management Engine Components\IPT;C:\Program Files\Intel\Intel(R) Management Engine Components\IPT;C:\Program Files\Java\jdk1.8.0_144\bin;C:\Program Files\Java\jre1.8.0_144\bin;C:\Android;C:\Windows\System32;C:\Program Files (x86)\Git\cmd;C:\Program Files\MySQL\MySQL Utilities 1.6\;C:\WINDOWS\System32\OpenSSH\;C:\Program Files\nodejs\;D:\UNCC\Subjects\Sem 3\Advanced MAD\Projects\InClass03;C:\Program Files\Git\cmd;C:\Program Files\Intel\WiFi\bin\;C:\Program Files\Common Files\Intel\WirelessCommon\;C:\Users\Sunidhi\AppData\Local\Microsoft\WindowsApps;C:\Users\Sunidhi\AppData\Local\GitHubDesktop\bin;C:\Users\Sunidhi\AppData\Local\Microsoft\WindowsApps;C:\Users\Sunidhi\AppData\Local\atom\bin;C:\Users\Sunidhi\AppData\Roaming\npm;D:\UNCC\Subjects\Sem 3\Advanced MAD\Projects\InClass03;C:\Program Files\Git\cmd;

Yarn version: 
  1.12.3

Node version: 
  8.11.4

Platform: 
  win32 x64

Trace: 
  Error: https://registry.yarnpkg.com/babel-perset-env: Not found
      at Request.params.callback [as _callback] (C:\Users\Sunidhi\AppData\Roaming\npm\node_modules\yarn\lib\cli.js:65894:18)
      at Request.self.callback (C:\Users\Sunidhi\AppData\Roaming\npm\node_modules\yarn\lib\cli.js:129018:22)
      at emitTwo (events.js:126:13)
      at Request.emit (events.js:214:7)
      at Request.<anonymous> (C:\Users\Sunidhi\AppData\Roaming\npm\node_modules\yarn\lib\cli.js:129990:10)
      at emitOne (events.js:116:13)
      at Request.emit (events.js:211:7)
      at IncomingMessage.<anonymous> (C:\Users\Sunidhi\AppData\Roaming\npm\node_modules\yarn\lib\cli.js:129912:12)
      at Object.onceWrapper (events.js:313:30)
      at emitNone (events.js:111:20)

npm manifest: 
  {
    "name": "IndecisionApp",
    "version": "1.0.0",
    "main": "index.js",
    "author": "Sunidhi Kabra",
    "license": "MIT"
  }

yarn manifest: 
  No manifest

Lockfile: 
  No lockfile
